
     ######################################################################
   ##########################################################################
  ###                                                                      ###
 ###            TINKER  ---  Software Tools for Molecular Design            ###
 ##                                                                          ##
 ##                        Version 8.4  February 2018                        ##
 ##                                                                          ##
 ##               Copyright (c)  Jay William Ponder  1990-2018               ##
 ###                           All Rights Reserved                          ###
  ###                                                                      ###
   ##########################################################################
     ######################################################################


 Stochastic Dynamics Trajectory via Velocity Verlet Algorithm

 Average Values for the Last   500 Out of      500 Dynamics Steps

 Simulation Time              1.0000 Picosecond
 Total Energy               127.0369 Kcal/mole   (+/-   8.2492)
 Potential Energy            71.8869 Kcal/mole   (+/-   5.9263)
 Kinetic Energy              55.1501 Kcal/mole   (+/-   5.7129)
 Temperature                  292.13 Kelvin      (+/-    30.26)

 Instantaneous Values for Frame Saved at       500 Dynamics Steps

 Current Time                 1.0000 Picosecond
 Current Potential           74.3613 Kcal/mole
 Current Kinetic             58.4782 Kcal/mole
 Frame Number                      1
 Coordinate File            enkephalin.arc

 Average Values for the Last   500 Out of     1000 Dynamics Steps

 Simulation Time              2.0000 Picosecond
 Total Energy               127.9341 Kcal/mole   (+/-   8.3827)
 Potential Energy            71.9888 Kcal/mole   (+/-   5.6206)
 Kinetic Energy              55.9453 Kcal/mole   (+/-   6.1757)
 Temperature                  296.35 Kelvin      (+/-    32.71)

 Instantaneous Values for Frame Saved at      1000 Dynamics Steps

 Current Time                 2.0000 Picosecond
 Current Potential           74.8523 Kcal/mole
 Current Kinetic             52.8204 Kcal/mole
 Frame Number                      2
 Coordinate File            enkephalin.arc

 Average Values for the Last   500 Out of     1500 Dynamics Steps

 Simulation Time              3.0000 Picosecond
 Total Energy               128.3300 Kcal/mole   (+/-   7.9191)
 Potential Energy            71.7550 Kcal/mole   (+/-   6.0062)
 Kinetic Energy              56.5750 Kcal/mole   (+/-   5.6653)
 Temperature                  299.68 Kelvin      (+/-    30.01)

 Instantaneous Values for Frame Saved at      1500 Dynamics Steps

 Current Time                 3.0000 Picosecond
 Current Potential           60.5160 Kcal/mole
 Current Kinetic             69.9983 Kcal/mole
 Frame Number                      3
 Coordinate File            enkephalin.arc

 Average Values for the Last   500 Out of     2000 Dynamics Steps

 Simulation Time              4.0000 Picosecond
 Total Energy               126.5750 Kcal/mole   (+/-   7.8646)
 Potential Energy            69.4814 Kcal/mole   (+/-   5.7475)
 Kinetic Energy              57.0936 Kcal/mole   (+/-   5.4273)
 Temperature                  302.43 Kelvin      (+/-    28.75)

 Instantaneous Values for Frame Saved at      2000 Dynamics Steps

 Current Time                 4.0000 Picosecond
 Current Potential           61.0327 Kcal/mole
 Current Kinetic             52.2985 Kcal/mole
 Frame Number                      4
 Coordinate File            enkephalin.arc

 Average Values for the Last   500 Out of     2500 Dynamics Steps

 Simulation Time              5.0000 Picosecond
 Total Energy               120.3775 Kcal/mole   (+/-   7.4459)
 Potential Energy            64.0852 Kcal/mole   (+/-   5.2473)
 Kinetic Energy              56.2923 Kcal/mole   (+/-   5.3663)
 Temperature                  298.18 Kelvin      (+/-    28.43)

 Instantaneous Values for Frame Saved at      2500 Dynamics Steps

 Current Time                 5.0000 Picosecond
 Current Potential           68.2911 Kcal/mole
 Current Kinetic             54.8588 Kcal/mole
 Frame Number                      5
 Coordinate File            enkephalin.arc

 Average Values for the Last   500 Out of     3000 Dynamics Steps

 Simulation Time              6.0000 Picosecond
 Total Energy               122.5334 Kcal/mole   (+/-   7.5994)
 Potential Energy            66.2047 Kcal/mole   (+/-   5.4579)
 Kinetic Energy              56.3288 Kcal/mole   (+/-   5.7444)
 Temperature                  298.38 Kelvin      (+/-    30.43)

 Instantaneous Values for Frame Saved at      3000 Dynamics Steps

 Current Time                 6.0000 Picosecond
 Current Potential           62.8769 Kcal/mole
 Current Kinetic             64.8787 Kcal/mole
 Frame Number                      6
 Coordinate File            enkephalin.arc

 Average Values for the Last   500 Out of     3500 Dynamics Steps

 Simulation Time              7.0000 Picosecond
 Total Energy               119.5362 Kcal/mole   (+/-   8.0458)
 Potential Energy            63.3858 Kcal/mole   (+/-   5.5857)
 Kinetic Energy              56.1504 Kcal/mole   (+/-   6.0147)
 Temperature                  297.43 Kelvin      (+/-    31.86)

 Instantaneous Values for Frame Saved at      3500 Dynamics Steps

 Current Time                 7.0000 Picosecond
 Current Potential           57.2240 Kcal/mole
 Current Kinetic             66.6407 Kcal/mole
 Frame Number                      7
 Coordinate File            enkephalin.arc

 Average Values for the Last   500 Out of     4000 Dynamics Steps

 Simulation Time              8.0000 Picosecond
 Total Energy               120.8862 Kcal/mole   (+/-   8.6292)
 Potential Energy            64.1650 Kcal/mole   (+/-   5.8180)
 Kinetic Energy              56.7212 Kcal/mole   (+/-   5.9469)
 Temperature                  300.46 Kelvin      (+/-    31.50)

 Instantaneous Values for Frame Saved at      4000 Dynamics Steps

 Current Time                 8.0000 Picosecond
 Current Potential           66.3160 Kcal/mole
 Current Kinetic             56.4650 Kcal/mole
 Frame Number                      8
 Coordinate File            enkephalin.arc

 Average Values for the Last   500 Out of     4500 Dynamics Steps

 Simulation Time              9.0000 Picosecond
 Total Energy               119.7804 Kcal/mole   (+/-   7.7617)
 Potential Energy            63.8394 Kcal/mole   (+/-   5.1353)
 Kinetic Energy              55.9411 Kcal/mole   (+/-   5.4701)
 Temperature                  296.32 Kelvin      (+/-    28.98)

 Instantaneous Values for Frame Saved at      4500 Dynamics Steps

 Current Time                 9.0000 Picosecond
 Current Potential           74.0519 Kcal/mole
 Current Kinetic             56.6318 Kcal/mole
 Frame Number                      9
 Coordinate File            enkephalin.arc

 Average Values for the Last   500 Out of     5000 Dynamics Steps

 Simulation Time             10.0000 Picosecond
 Total Energy               121.3205 Kcal/mole   (+/-   8.0877)
 Potential Energy            65.6181 Kcal/mole   (+/-   5.4154)
 Kinetic Energy              55.7024 Kcal/mole   (+/-   5.7317)
 Temperature                  295.06 Kelvin      (+/-    30.36)

 Instantaneous Values for Frame Saved at      5000 Dynamics Steps

 Current Time                10.0000 Picosecond
 Current Potential           70.2233 Kcal/mole
 Current Kinetic             70.3901 Kcal/mole
 Frame Number                     10
 Coordinate File            enkephalin.arc

 Average Values for the Last   500 Out of     5500 Dynamics Steps

 Simulation Time             11.0000 Picosecond
 Total Energy               123.8979 Kcal/mole   (+/-   6.8863)
 Potential Energy            66.6841 Kcal/mole   (+/-   4.9885)
 Kinetic Energy              57.2138 Kcal/mole   (+/-   5.1685)
 Temperature                  303.06 Kelvin      (+/-    27.38)

 Instantaneous Values for Frame Saved at      5500 Dynamics Steps

 Current Time                11.0000 Picosecond
 Current Potential           69.7026 Kcal/mole
 Current Kinetic             65.9097 Kcal/mole
 Frame Number                     11
 Coordinate File            enkephalin.arc

 Average Values for the Last   500 Out of     6000 Dynamics Steps

 Simulation Time             12.0000 Picosecond
 Total Energy               122.6071 Kcal/mole   (+/-   8.0880)
 Potential Energy            66.3020 Kcal/mole   (+/-   5.3798)
 Kinetic Energy              56.3051 Kcal/mole   (+/-   5.8207)
 Temperature                  298.25 Kelvin      (+/-    30.83)

 Instantaneous Values for Frame Saved at      6000 Dynamics Steps

 Current Time                12.0000 Picosecond
 Current Potential           59.5793 Kcal/mole
 Current Kinetic             48.3195 Kcal/mole
 Frame Number                     12
 Coordinate File            enkephalin.arc

 Average Values for the Last   500 Out of     6500 Dynamics Steps

 Simulation Time             13.0000 Picosecond
 Total Energy               121.0145 Kcal/mole   (+/-   8.5451)
 Potential Energy            65.5451 Kcal/mole   (+/-   5.7846)
 Kinetic Energy              55.4693 Kcal/mole   (+/-   5.9232)
 Temperature                  293.82 Kelvin      (+/-    31.38)

 Instantaneous Values for Frame Saved at      6500 Dynamics Steps

 Current Time                13.0000 Picosecond
 Current Potential           75.6250 Kcal/mole
 Current Kinetic             57.9977 Kcal/mole
 Frame Number                     13
 Coordinate File            enkephalin.arc

 Average Values for the Last   500 Out of     7000 Dynamics Steps

 Simulation Time             14.0000 Picosecond
 Total Energy               124.0868 Kcal/mole   (+/-   8.0828)
 Potential Energy            67.0144 Kcal/mole   (+/-   6.4295)
 Kinetic Energy              57.0724 Kcal/mole   (+/-   5.7017)
 Temperature                  302.32 Kelvin      (+/-    30.20)

 Instantaneous Values for Frame Saved at      7000 Dynamics Steps

 Current Time                14.0000 Picosecond
 Current Potential           72.7092 Kcal/mole
 Current Kinetic             62.9066 Kcal/mole
 Frame Number                     14
 Coordinate File            enkephalin.arc

 Average Values for the Last   500 Out of     7500 Dynamics Steps

 Simulation Time             15.0000 Picosecond
 Total Energy               122.7945 Kcal/mole   (+/-   7.7488)
 Potential Energy            65.5891 Kcal/mole   (+/-   5.3128)
 Kinetic Energy              57.2055 Kcal/mole   (+/-   5.7500)
 Temperature                  303.02 Kelvin      (+/-    30.46)

 Instantaneous Values for Frame Saved at      7500 Dynamics Steps

 Current Time                15.0000 Picosecond
 Current Potential           66.0797 Kcal/mole
 Current Kinetic             56.2569 Kcal/mole
 Frame Number                     15
 Coordinate File            enkephalin.arc

 Average Values for the Last   500 Out of     8000 Dynamics Steps

 Simulation Time             16.0000 Picosecond
 Total Energy               125.5062 Kcal/mole   (+/-   6.5358)
 Potential Energy            68.1331 Kcal/mole   (+/-   5.0478)
 Kinetic Energy              57.3730 Kcal/mole   (+/-   5.6498)
 Temperature                  303.91 Kelvin      (+/-    29.93)

 Instantaneous Values for Frame Saved at      8000 Dynamics Steps

 Current Time                16.0000 Picosecond
 Current Potential           84.5338 Kcal/mole
 Current Kinetic             54.6838 Kcal/mole
 Frame Number                     16
 Coordinate File            enkephalin.arc

 Average Values for the Last   500 Out of     8500 Dynamics Steps

 Simulation Time             17.0000 Picosecond
 Total Energy               125.1585 Kcal/mole   (+/-   7.2163)
 Potential Energy            67.6434 Kcal/mole   (+/-   5.5459)
 Kinetic Energy              57.5151 Kcal/mole   (+/-   5.2201)
 Temperature                  304.66 Kelvin      (+/-    27.65)

 Instantaneous Values for Frame Saved at      8500 Dynamics Steps

 Current Time                17.0000 Picosecond
 Current Potential           77.0815 Kcal/mole
 Current Kinetic             57.5870 Kcal/mole
 Frame Number                     17
 Coordinate File            enkephalin.arc

 Average Values for the Last   500 Out of     9000 Dynamics Steps

 Simulation Time             18.0000 Picosecond
 Total Energy               125.3935 Kcal/mole   (+/-   8.3802)
 Potential Energy            68.6386 Kcal/mole   (+/-   5.9452)
 Kinetic Energy              56.7549 Kcal/mole   (+/-   5.9390)
 Temperature                  300.63 Kelvin      (+/-    31.46)

 Instantaneous Values for Frame Saved at      9000 Dynamics Steps

 Current Time                18.0000 Picosecond
 Current Potential           59.1385 Kcal/mole
 Current Kinetic             63.8036 Kcal/mole
 Frame Number                     18
 Coordinate File            enkephalin.arc

 Average Values for the Last   500 Out of     9500 Dynamics Steps

 Simulation Time             19.0000 Picosecond
 Total Energy               126.2518 Kcal/mole   (+/-   7.3766)
 Potential Energy            68.4808 Kcal/mole   (+/-   5.5400)
 Kinetic Energy              57.7710 Kcal/mole   (+/-   5.5243)
 Temperature                  306.02 Kelvin      (+/-    29.26)

 Instantaneous Values for Frame Saved at      9500 Dynamics Steps

 Current Time                19.0000 Picosecond
 Current Potential           62.3600 Kcal/mole
 Current Kinetic             61.3515 Kcal/mole
 Frame Number                     19
 Coordinate File            enkephalin.arc

 Average Values for the Last   500 Out of    10000 Dynamics Steps

 Simulation Time             20.0000 Picosecond
 Total Energy               118.7254 Kcal/mole   (+/-   7.6645)
 Potential Energy            62.8974 Kcal/mole   (+/-   5.3003)
 Kinetic Energy              55.8279 Kcal/mole   (+/-   5.5413)
 Temperature                  295.72 Kelvin      (+/-    29.35)

 Instantaneous Values for Frame Saved at     10000 Dynamics Steps

 Current Time                20.0000 Picosecond
 Current Potential           74.8593 Kcal/mole
 Current Kinetic             54.8919 Kcal/mole
 Frame Number                     20
 Coordinate File            enkephalin.arc

 Average Values for the Last   500 Out of    10500 Dynamics Steps

 Simulation Time             21.0000 Picosecond
 Total Energy               119.9372 Kcal/mole   (+/-   7.7648)
 Potential Energy            63.2834 Kcal/mole   (+/-   5.4390)
 Kinetic Energy              56.6537 Kcal/mole   (+/-   5.8687)
 Temperature                  300.10 Kelvin      (+/-    31.09)

 Instantaneous Values for Frame Saved at     10500 Dynamics Steps

 Current Time                21.0000 Picosecond
 Current Potential           67.8259 Kcal/mole
 Current Kinetic             53.3854 Kcal/mole
 Frame Number                     21
 Coordinate File            enkephalin.arc

 Average Values for the Last   500 Out of    11000 Dynamics Steps

 Simulation Time             22.0000 Picosecond
 Total Energy               119.5444 Kcal/mole   (+/-   8.0264)
 Potential Energy            63.1437 Kcal/mole   (+/-   5.4653)
 Kinetic Energy              56.4006 Kcal/mole   (+/-   5.6598)
 Temperature                  298.76 Kelvin      (+/-    29.98)

 Instantaneous Values for Frame Saved at     11000 Dynamics Steps

 Current Time                22.0000 Picosecond
 Current Potential           75.0039 Kcal/mole
 Current Kinetic             57.7692 Kcal/mole
 Frame Number                     22
 Coordinate File            enkephalin.arc

 Average Values for the Last   500 Out of    11500 Dynamics Steps

 Simulation Time             23.0000 Picosecond
 Total Energy               118.3973 Kcal/mole   (+/-   7.3701)
 Potential Energy            62.5389 Kcal/mole   (+/-   5.2655)
 Kinetic Energy              55.8585 Kcal/mole   (+/-   5.5831)
 Temperature                  295.89 Kelvin      (+/-    29.57)

 Instantaneous Values for Frame Saved at     11500 Dynamics Steps

 Current Time                23.0000 Picosecond
 Current Potential           56.6547 Kcal/mole
 Current Kinetic             54.7640 Kcal/mole
 Frame Number                     23
 Coordinate File            enkephalin.arc

 Average Values for the Last   500 Out of    12000 Dynamics Steps

 Simulation Time             24.0000 Picosecond
 Total Energy               118.8712 Kcal/mole   (+/-   8.2837)
 Potential Energy            62.8808 Kcal/mole   (+/-   5.2847)
 Kinetic Energy              55.9904 Kcal/mole   (+/-   6.0151)
 Temperature                  296.58 Kelvin      (+/-    31.86)

 Instantaneous Values for Frame Saved at     12000 Dynamics Steps

 Current Time                24.0000 Picosecond
 Current Potential           68.3931 Kcal/mole
 Current Kinetic             64.2799 Kcal/mole
 Frame Number                     24
 Coordinate File            enkephalin.arc

 Average Values for the Last   500 Out of    12500 Dynamics Steps

 Simulation Time             25.0000 Picosecond
 Total Energy               125.6241 Kcal/mole   (+/-   8.2155)
 Potential Energy            67.9529 Kcal/mole   (+/-   5.7477)
 Kinetic Energy              57.6711 Kcal/mole   (+/-   5.8947)
 Temperature                  305.49 Kelvin      (+/-    31.22)

 Instantaneous Values for Frame Saved at     12500 Dynamics Steps

 Current Time                25.0000 Picosecond
 Current Potential           59.1412 Kcal/mole
 Current Kinetic             65.5103 Kcal/mole
 Frame Number                     25
 Coordinate File            enkephalin.arc

 Average Values for the Last   500 Out of    13000 Dynamics Steps

 Simulation Time             26.0000 Picosecond
 Total Energy               123.8221 Kcal/mole   (+/-   8.0348)
 Potential Energy            67.3280 Kcal/mole   (+/-   5.2888)
 Kinetic Energy              56.4941 Kcal/mole   (+/-   6.1048)
 Temperature                  299.25 Kelvin      (+/-    32.34)

 Instantaneous Values for Frame Saved at     13000 Dynamics Steps

 Current Time                26.0000 Picosecond
 Current Potential           76.1677 Kcal/mole
 Current Kinetic             53.1915 Kcal/mole
 Frame Number                     26
 Coordinate File            enkephalin.arc

 Average Values for the Last   500 Out of    13500 Dynamics Steps

 Simulation Time             27.0000 Picosecond
 Total Energy               122.1582 Kcal/mole   (+/-   7.8136)
 Potential Energy            65.3195 Kcal/mole   (+/-   5.9338)
 Kinetic Energy              56.8387 Kcal/mole   (+/-   5.4423)
 Temperature                  301.08 Kelvin      (+/-    28.83)

 Instantaneous Values for Frame Saved at     13500 Dynamics Steps

 Current Time                27.0000 Picosecond
 Current Potential           62.7465 Kcal/mole
 Current Kinetic             58.7927 Kcal/mole
 Frame Number                     27
 Coordinate File            enkephalin.arc

 Average Values for the Last   500 Out of    14000 Dynamics Steps

 Simulation Time             28.0000 Picosecond
 Total Energy               118.5889 Kcal/mole   (+/-   8.6368)
 Potential Energy            62.0479 Kcal/mole   (+/-   5.8738)
 Kinetic Energy              56.5411 Kcal/mole   (+/-   5.9787)
 Temperature                  299.50 Kelvin      (+/-    31.67)

 Instantaneous Values for Frame Saved at     14000 Dynamics Steps

 Current Time                28.0000 Picosecond
 Current Potential           61.9268 Kcal/mole
 Current Kinetic             54.4050 Kcal/mole
 Frame Number                     28
 Coordinate File            enkephalin.arc

 Average Values for the Last   500 Out of    14500 Dynamics Steps

 Simulation Time             29.0000 Picosecond
 Total Energy               117.6297 Kcal/mole   (+/-   7.7459)
 Potential Energy            61.9139 Kcal/mole   (+/-   5.7719)
 Kinetic Energy              55.7158 Kcal/mole   (+/-   5.6304)
 Temperature                  295.13 Kelvin      (+/-    29.82)

 Instantaneous Values for Frame Saved at     14500 Dynamics Steps

 Current Time                29.0000 Picosecond
 Current Potential           63.6849 Kcal/mole
 Current Kinetic             54.0714 Kcal/mole
 Frame Number                     29
 Coordinate File            enkephalin.arc

 Average Values for the Last   500 Out of    15000 Dynamics Steps

 Simulation Time             30.0000 Picosecond
 Total Energy               120.2973 Kcal/mole   (+/-   9.5216)
 Potential Energy            62.5816 Kcal/mole   (+/-   6.2935)
 Kinetic Energy              57.7157 Kcal/mole   (+/-   6.2035)
 Temperature                  305.72 Kelvin      (+/-    32.86)

 Instantaneous Values for Frame Saved at     15000 Dynamics Steps

 Current Time                30.0000 Picosecond
 Current Potential           70.4775 Kcal/mole
 Current Kinetic             70.5196 Kcal/mole
 Frame Number                     30
 Coordinate File            enkephalin.arc

 Average Values for the Last   500 Out of    15500 Dynamics Steps

 Simulation Time             31.0000 Picosecond
 Total Energy               121.0167 Kcal/mole   (+/-   7.6629)
 Potential Energy            63.6101 Kcal/mole   (+/-   5.0451)
 Kinetic Energy              57.4066 Kcal/mole   (+/-   5.7677)
 Temperature                  304.09 Kelvin      (+/-    30.55)

 Instantaneous Values for Frame Saved at     15500 Dynamics Steps

 Current Time                31.0000 Picosecond
 Current Potential           50.5862 Kcal/mole
 Current Kinetic             58.9404 Kcal/mole
 Frame Number                     31
 Coordinate File            enkephalin.arc

 Average Values for the Last   500 Out of    16000 Dynamics Steps

 Simulation Time             32.0000 Picosecond
 Total Energy               114.4711 Kcal/mole   (+/-   7.6940)
 Potential Energy            58.7259 Kcal/mole   (+/-   5.6148)
 Kinetic Energy              55.7452 Kcal/mole   (+/-   5.2690)
 Temperature                  295.28 Kelvin      (+/-    27.91)

 Instantaneous Values for Frame Saved at     16000 Dynamics Steps

 Current Time                32.0000 Picosecond
 Current Potential           55.1758 Kcal/mole
 Current Kinetic             62.3169 Kcal/mole
 Frame Number                     32
 Coordinate File            enkephalin.arc

 Average Values for the Last   500 Out of    16500 Dynamics Steps

 Simulation Time             33.0000 Picosecond
 Total Energy               120.1084 Kcal/mole   (+/-   8.6150)
 Potential Energy            63.7670 Kcal/mole   (+/-   6.4450)
 Kinetic Energy              56.3415 Kcal/mole   (+/-   5.6541)
 Temperature                  298.44 Kelvin      (+/-    29.95)

 Instantaneous Values for Frame Saved at     16500 Dynamics Steps

 Current Time                33.0000 Picosecond
 Current Potential           62.6248 Kcal/mole
 Current Kinetic             54.7812 Kcal/mole
 Frame Number                     33
 Coordinate File            enkephalin.arc

 Average Values for the Last   500 Out of    17000 Dynamics Steps

 Simulation Time             34.0000 Picosecond
 Total Energy               117.8272 Kcal/mole   (+/-   8.1655)
 Potential Energy            61.1858 Kcal/mole   (+/-   5.4327)
 Kinetic Energy              56.6414 Kcal/mole   (+/-   5.8771)
 Temperature                  300.03 Kelvin      (+/-    31.13)

 Instantaneous Values for Frame Saved at     17000 Dynamics Steps

 Current Time                34.0000 Picosecond
 Current Potential           65.9781 Kcal/mole
 Current Kinetic             55.8759 Kcal/mole
 Frame Number                     34
 Coordinate File            enkephalin.arc

 Average Values for the Last   500 Out of    17500 Dynamics Steps

 Simulation Time             35.0000 Picosecond
 Total Energy               121.9564 Kcal/mole   (+/-   8.1669)
 Potential Energy            64.6888 Kcal/mole   (+/-   5.7151)
 Kinetic Energy              57.2677 Kcal/mole   (+/-   6.1118)
 Temperature                  303.35 Kelvin      (+/-    32.37)

 Instantaneous Values for Frame Saved at     17500 Dynamics Steps

 Current Time                35.0000 Picosecond
 Current Potential           71.7133 Kcal/mole
 Current Kinetic             54.3369 Kcal/mole
 Frame Number                     35
 Coordinate File            enkephalin.arc

 Average Values for the Last   500 Out of    18000 Dynamics Steps

 Simulation Time             36.0000 Picosecond
 Total Energy               121.9740 Kcal/mole   (+/-   8.6364)
 Potential Energy            64.8331 Kcal/mole   (+/-   6.0297)
 Kinetic Energy              57.1409 Kcal/mole   (+/-   5.7968)
 Temperature                  302.68 Kelvin      (+/-    30.71)

 Instantaneous Values for Frame Saved at     18000 Dynamics Steps

 Current Time                36.0000 Picosecond
 Current Potential           69.9554 Kcal/mole
 Current Kinetic             53.8336 Kcal/mole
 Frame Number                     36
 Coordinate File            enkephalin.arc

 Average Values for the Last   500 Out of    18500 Dynamics Steps

 Simulation Time             37.0000 Picosecond
 Total Energy               120.1163 Kcal/mole   (+/-   7.4852)
 Potential Energy            63.5632 Kcal/mole   (+/-   5.6432)
 Kinetic Energy              56.5531 Kcal/mole   (+/-   5.7918)
 Temperature                  299.56 Kelvin      (+/-    30.68)

 Instantaneous Values for Frame Saved at     18500 Dynamics Steps

 Current Time                37.0000 Picosecond
 Current Potential           66.1626 Kcal/mole
 Current Kinetic             53.8222 Kcal/mole
 Frame Number                     37
 Coordinate File            enkephalin.arc

 Average Values for the Last   500 Out of    19000 Dynamics Steps

 Simulation Time             38.0000 Picosecond
 Total Energy               118.8259 Kcal/mole   (+/-   6.9007)
 Potential Energy            62.1139 Kcal/mole   (+/-   5.5466)
 Kinetic Energy              56.7119 Kcal/mole   (+/-   5.4197)
 Temperature                  300.41 Kelvin      (+/-    28.71)

 Instantaneous Values for Frame Saved at     19000 Dynamics Steps

 Current Time                38.0000 Picosecond
 Current Potential           50.5411 Kcal/mole
 Current Kinetic             54.7923 Kcal/mole
 Frame Number                     38
 Coordinate File            enkephalin.arc

 Average Values for the Last   500 Out of    19500 Dynamics Steps

 Simulation Time             39.0000 Picosecond
 Total Energy               115.3148 Kcal/mole   (+/-   7.3559)
 Potential Energy            59.4796 Kcal/mole   (+/-   5.0894)
 Kinetic Energy              55.8352 Kcal/mole   (+/-   5.6260)
 Temperature                  295.76 Kelvin      (+/-    29.80)

 Instantaneous Values for Frame Saved at     19500 Dynamics Steps

 Current Time                39.0000 Picosecond
 Current Potential           61.0118 Kcal/mole
 Current Kinetic             65.2227 Kcal/mole
 Frame Number                     39
 Coordinate File            enkephalin.arc

 Average Values for the Last   500 Out of    20000 Dynamics Steps

 Simulation Time             40.0000 Picosecond
 Total Energy               120.3600 Kcal/mole   (+/-   7.7250)
 Potential Energy            62.9879 Kcal/mole   (+/-   5.5455)
 Kinetic Energy              57.3721 Kcal/mole   (+/-   5.5399)
 Temperature                  303.90 Kelvin      (+/-    29.35)

 Instantaneous Values for Frame Saved at     20000 Dynamics Steps

 Current Time                40.0000 Picosecond
 Current Potential           60.7152 Kcal/mole
 Current Kinetic             52.1307 Kcal/mole
 Frame Number                     40
 Coordinate File            enkephalin.arc

 Average Values for the Last   500 Out of    20500 Dynamics Steps

 Simulation Time             41.0000 Picosecond
 Total Energy               119.0464 Kcal/mole   (+/-   7.0303)
 Potential Energy            61.9487 Kcal/mole   (+/-   4.8929)
 Kinetic Energy              57.0977 Kcal/mole   (+/-   5.4984)
 Temperature                  302.45 Kelvin      (+/-    29.13)

 Instantaneous Values for Frame Saved at     20500 Dynamics Steps

 Current Time                41.0000 Picosecond
 Current Potential           63.3474 Kcal/mole
 Current Kinetic             58.9929 Kcal/mole
 Frame Number                     41
 Coordinate File            enkephalin.arc

 Average Values for the Last   500 Out of    21000 Dynamics Steps

 Simulation Time             42.0000 Picosecond
 Total Energy               118.3079 Kcal/mole   (+/-   8.6337)
 Potential Energy            61.3817 Kcal/mole   (+/-   5.7133)
 Kinetic Energy              56.9261 Kcal/mole   (+/-   5.9626)
 Temperature                  301.54 Kelvin      (+/-    31.58)

 Instantaneous Values for Frame Saved at     21000 Dynamics Steps

 Current Time                42.0000 Picosecond
 Current Potential           60.5049 Kcal/mole
 Current Kinetic             56.3149 Kcal/mole
 Frame Number                     42
 Coordinate File            enkephalin.arc

 Average Values for the Last   500 Out of    21500 Dynamics Steps

 Simulation Time             43.0000 Picosecond
 Total Energy               117.4152 Kcal/mole   (+/-   8.1947)
 Potential Energy            61.1082 Kcal/mole   (+/-   5.7517)
 Kinetic Energy              56.3070 Kcal/mole   (+/-   5.9410)
 Temperature                  298.26 Kelvin      (+/-    31.47)

 Instantaneous Values for Frame Saved at     21500 Dynamics Steps

 Current Time                43.0000 Picosecond
 Current Potential           62.5331 Kcal/mole
 Current Kinetic             53.7675 Kcal/mole
 Frame Number                     43
 Coordinate File            enkephalin.arc

 Average Values for the Last   500 Out of    22000 Dynamics Steps

 Simulation Time             44.0000 Picosecond
 Total Energy               118.1740 Kcal/mole   (+/-   7.8015)
 Potential Energy            61.4865 Kcal/mole   (+/-   5.6319)
 Kinetic Energy              56.6875 Kcal/mole   (+/-   5.6918)
 Temperature                  300.28 Kelvin      (+/-    30.15)

 Instantaneous Values for Frame Saved at     22000 Dynamics Steps

 Current Time                44.0000 Picosecond
 Current Potential           61.6656 Kcal/mole
 Current Kinetic             48.1479 Kcal/mole
 Frame Number                     44
 Coordinate File            enkephalin.arc

 Average Values for the Last   500 Out of    22500 Dynamics Steps

 Simulation Time             45.0000 Picosecond
 Total Energy               117.9225 Kcal/mole   (+/-   7.9207)
 Potential Energy            62.2769 Kcal/mole   (+/-   5.3694)
 Kinetic Energy              55.6456 Kcal/mole   (+/-   5.8684)
 Temperature                  294.76 Kelvin      (+/-    31.09)

 Instantaneous Values for Frame Saved at     22500 Dynamics Steps

 Current Time                45.0000 Picosecond
 Current Potential           69.2357 Kcal/mole
 Current Kinetic             49.2375 Kcal/mole
 Frame Number                     45
 Coordinate File            enkephalin.arc

 Average Values for the Last   500 Out of    23000 Dynamics Steps

 Simulation Time             46.0000 Picosecond
 Total Energy               115.2673 Kcal/mole   (+/-   7.5619)
 Potential Energy            59.7190 Kcal/mole   (+/-   5.6632)
 Kinetic Energy              55.5484 Kcal/mole   (+/-   5.3441)
 Temperature                  294.24 Kelvin      (+/-    28.31)

 Instantaneous Values for Frame Saved at     23000 Dynamics Steps

 Current Time                46.0000 Picosecond
 Current Potential           58.2546 Kcal/mole
 Current Kinetic             59.1981 Kcal/mole
 Frame Number                     46
 Coordinate File            enkephalin.arc

 Average Values for the Last   500 Out of    23500 Dynamics Steps

 Simulation Time             47.0000 Picosecond
 Total Energy               121.0749 Kcal/mole   (+/-   7.9088)
 Potential Energy            63.3322 Kcal/mole   (+/-   5.7278)
 Kinetic Energy              57.7428 Kcal/mole   (+/-   6.0478)
 Temperature                  305.87 Kelvin      (+/-    32.04)

 Instantaneous Values for Frame Saved at     23500 Dynamics Steps

 Current Time                47.0000 Picosecond
 Current Potential           64.8196 Kcal/mole
 Current Kinetic             58.7818 Kcal/mole
 Frame Number                     47
 Coordinate File            enkephalin.arc

 Average Values for the Last   500 Out of    24000 Dynamics Steps

 Simulation Time             48.0000 Picosecond
 Total Energy               118.5683 Kcal/mole   (+/-   7.5602)
 Potential Energy            61.6613 Kcal/mole   (+/-   5.3729)
 Kinetic Energy              56.9070 Kcal/mole   (+/-   5.5372)
 Temperature                  301.44 Kelvin      (+/-    29.33)

 Instantaneous Values for Frame Saved at     24000 Dynamics Steps

 Current Time                48.0000 Picosecond
 Current Potential           61.2568 Kcal/mole
 Current Kinetic             64.0876 Kcal/mole
 Frame Number                     48
 Coordinate File            enkephalin.arc

 Average Values for the Last   500 Out of    24500 Dynamics Steps

 Simulation Time             49.0000 Picosecond
 Total Energy               118.6512 Kcal/mole   (+/-   7.4075)
 Potential Energy            61.3731 Kcal/mole   (+/-   5.6177)
 Kinetic Energy              57.2782 Kcal/mole   (+/-   5.5470)
 Temperature                  303.41 Kelvin      (+/-    29.38)

 Instantaneous Values for Frame Saved at     24500 Dynamics Steps

 Current Time                49.0000 Picosecond
 Current Potential           56.6600 Kcal/mole
 Current Kinetic             53.8048 Kcal/mole
 Frame Number                     49
 Coordinate File            enkephalin.arc

 Average Values for the Last   500 Out of    25000 Dynamics Steps

 Simulation Time             50.0000 Picosecond
 Total Energy               121.9187 Kcal/mole   (+/-   7.4769)
 Potential Energy            64.8556 Kcal/mole   (+/-   5.3297)
 Kinetic Energy              57.0632 Kcal/mole   (+/-   5.8484)
 Temperature                  302.27 Kelvin      (+/-    30.98)

 Instantaneous Values for Frame Saved at     25000 Dynamics Steps

 Current Time                50.0000 Picosecond
 Current Potential           65.1141 Kcal/mole
 Current Kinetic             51.4408 Kcal/mole
 Frame Number                     50
 Coordinate File            enkephalin.arc
